 tol/frac/simplx  1.000000000000000E-007  0.400000000000000     
  1.000000000000000E-006
--------------------------------------------------------------------------------

Try   1, successes so far =   1
Objective function evaluations this try =   25
Last objective function value this try  =  2.57507    
Best result so far =  2.57507     was obtained on try   1

Initial coordinates:  0.00000    
Final coordinates: -1406.77    

Scores for try =   1 follow:

  1 loz1               score = 2.57507    

--------------------------------------------------------------------------------

Try   2, successes so far =   2
Objective function evaluations this try =   26
Last objective function value this try  =  2.57508    
Best result so far =  2.57507     was obtained on try   1

Initial coordinates: -5000.00    
Final coordinates: -1406.77    

Scores for try =   2 follow:

  1 loz1               score = 2.57508    

--------------------------------------------------------------------------------

Try   3, successes so far =   3
Objective function evaluations this try = 1001
Last objective function value this try  =  2.57507    
Best result so far =  2.57507     was obtained on try   1

Initial coordinates: -4745.20    
Final coordinates: -1406.77    

Scores for try =   3 follow:

  1 loz1               score = 2.57507    

--------------------------------------------------------------------------------

Try   4, successes so far =   4
Objective function evaluations this try = 1001
Last objective function value this try  =  2.57507    
Best result so far =  2.57507     was obtained on try   1

Initial coordinates: -1474.84    
Final coordinates: -1406.78    

Scores for try =   4 follow:

  1 loz1               score = 2.57507    

--------------------------------------------------------------------------------
