 tol/frac/simplx  1.000000000000000E-007  0.100000000000000     
  1.000000000000000E-006
--------------------------------------------------------------------------------

Try   1, successes so far =   1
Objective function evaluations this try = 1008
Last objective function value this try OBJ =  12.8335    
Best OBJ so far =  12.8335     obtained on try   1


Scaled parameter SSP =  1.58099    
Bayes score SSP * OBJF =  20.2896    
Best Bayes score so far =  20.2896     obtained on try   1

Initial coordinates:  0.00000      0.00000      0.00000      0.00000      0.00000      0.00000    
Final coordinates:  83.3333      4.16667      416.667      4.16667     -166.667      4.16667    

Scores for try =   1 follow:

  1 loz1               score = 2.52577    
  2 loz5               score = 2.57112    
  3 loz110             score = 2.57367    
  4 loz121             score = 2.57775    
  5 loz117             score = 2.58519    

--------------------------------------------------------------------------------

Try   2, successes so far =   2
Objective function evaluations this try =   64
Last objective function value this try OBJ =  5.15563    
Best OBJ so far =  5.15563     obtained on try   2


Scaled parameter SSP =  1.73016    
Bayes score SSP * OBJF =  8.92006    
Best Bayes score so far =  8.92006     obtained on try   2

Initial coordinates: -9999.99     -94.9039     -2949.68      33.3829      9261.11      67.6576    
Final coordinates: -8550.76     -8.65633      2644.46     -18.3670      8130.34     -28.3790    

Scores for try =   2 follow:

  1 loz1               score = 1.25818    
  2 loz5               score = 1.27523    
  3 loz110             score = 1.27645    
  4 loz121             score = 1.27784    
  5 loz117             score =0.679403E-01

--------------------------------------------------------------------------------

Try   3, successes so far =   3
Objective function evaluations this try =   56
Last objective function value this try OBJ =  12.8335    
Best OBJ so far =  5.15563     obtained on try   2


Scaled parameter SSP =  3.29326    
Bayes score SSP * OBJF =  42.2641    
Best Bayes score so far =  8.92006     obtained on try   2

Initial coordinates: -3292.90      83.0654      5917.27      66.5386     -3099.15      74.2368    
Final coordinates: -2959.57      86.3988      6250.61      69.8720     -2765.81      77.5701    

Scores for try =   3 follow:

  1 loz1               score = 2.52577    
  2 loz5               score = 2.57112    
  3 loz110             score = 2.57367    
  4 loz121             score = 2.57775    
  5 loz117             score = 2.58519    

--------------------------------------------------------------------------------

Try   4, successes so far =   4
Objective function evaluations this try =   64
Last objective function value this try OBJ =  2.96372    
Best OBJ so far =  2.96372     obtained on try   4


Scaled parameter SSP =  1.92679    
Bayes score SSP * OBJF =  5.71047    
Best Bayes score so far =  5.71047     obtained on try   4

Initial coordinates: -8201.63      77.6568      4019.58      46.9105     -3996.48     -90.0565    
Final coordinates: -11442.0      65.2184      5304.86      11.5300     -217.200     -35.7071    

Scores for try =   4 follow:

  1 loz1               score =0.551439E-01
  2 loz5               score =0.996120E-01
  3 loz110             score =0.101291    
  4 loz121             score = 1.35101    
  5 loz117             score = 1.35666    

--------------------------------------------------------------------------------
