 tol/frac/simplx  1.000000000000000E-007  0.400000000000000     
  1.000000000000000E-006
--------------------------------------------------------------------------------
ntry =   1, igood =   1, icount =  32, obj = 0.347334E-01, ibest =   1, bestobj = 0.347334E-01
Initial coordinates:  0.00000      0.00000      0.00000      0.00000    
Final coordinates: -38120.4      29.5832     -1424.22      14161.3    
--------------------------------------------------------------------------------
ntry =   5, igood =   2, icount =  34, obj = 0.347334E-01, ibest =   1, bestobj = 0.347334E-01
Initial coordinates: -4100.82      38.8284      20097.9      23455.3    
Final coordinates: -38111.7      29.5768     -1419.34      14161.9    
--------------------------------------------------------------------------------
ntry =   6, igood =   3, icount =  33, obj = 0.347334E-01, ibest =   6, bestobj = 0.347334E-01
Initial coordinates: -1998.24     -45.0282      40818.9     -40234.1    
Final coordinates: -38116.8      29.5806     -1422.68      14161.4    
--------------------------------------------------------------------------------
ntry =   8, igood =   4, icount =  36, obj = 0.347334E-01, ibest =   6, bestobj = 0.347334E-01
Initial coordinates: -4243.59      41.1790     -40817.8      13776.6    
Final coordinates: -38117.4      29.5810     -1422.89      14161.2    
--------------------------------------------------------------------------------
ntry =  10, igood =   5, icount =  29, obj = 0.347334E-01, ibest =   6, bestobj = 0.347334E-01
Initial coordinates: -4803.35     -33.0136      49474.3      25369.2    
Final coordinates: -38117.3      29.5810     -1423.42      14161.1    
--------------------------------------------------------------------------------
ntry =  13, igood =   6, icount =  37, obj = 0.347334E-01, ibest =   6, bestobj = 0.347334E-01
Initial coordinates:  2670.68     -5.51831      20950.5      29452.6    
Final coordinates: -38123.2      29.5852     -1425.59      14161.1    
--------------------------------------------------------------------------------
ntry =  14, igood =   7, icount =  31, obj = 0.538598E-01, ibest =   6, bestobj = 0.347334E-01
Initial coordinates: -612.986     -29.1247      23111.2      16573.1    
Final coordinates:  303.900      1.86588      15188.3      15511.8    
--------------------------------------------------------------------------------
ntry =  17, igood =   8, icount =  37, obj = 0.347334E-01, ibest =   6, bestobj = 0.347334E-01
Initial coordinates: -52.1589     -2.93049     -37748.5      3489.67    
Final coordinates: -38117.3      29.5809     -1422.63      14161.5    
--------------------------------------------------------------------------------
ntry =  18, igood =   9, icount =  36, obj = 0.440671E-01, ibest =   6, bestobj = 0.347334E-01
Initial coordinates: -3058.43      46.7905      8923.02     -48237.7    
Final coordinates: -8162.43      7.96165      11594.1      15266.8    
--------------------------------------------------------------------------------
ntry =  19, igood =  10, icount =  43, obj = 0.347334E-01, ibest =   6, bestobj = 0.347334E-01
Initial coordinates: -1856.57      5.33030      17628.3     -48311.7    
Final coordinates: -38114.0      29.5786     -1421.37      14161.2    
--------------------------------------------------------------------------------
ntry =  25, igood =  11, icount =  42, obj = 0.347334E-01, ibest =   6, bestobj = 0.347334E-01
Initial coordinates:  1036.84     -33.1291      42645.6      3556.54    
Final coordinates: -38120.0      29.5830     -1424.56      14160.9    
--------------------------------------------------------------------------------
ntry =  26, igood =  12, icount =  35, obj = 0.347334E-01, ibest =   6, bestobj = 0.347334E-01
Initial coordinates:  377.909      6.48708     -13028.3     -1190.86    
Final coordinates: -38113.3      29.5781     -1421.44      14160.9    
--------------------------------------------------------------------------------
ntry =  27, igood =  13, icount =  34, obj = 0.347334E-01, ibest =   6, bestobj = 0.347334E-01
Initial coordinates: -3073.72      10.2786      13906.3     -2221.90    
Final coordinates: -38117.4      29.5810     -1423.02      14161.1    
--------------------------------------------------------------------------------
ntry =  29, igood =  14, icount =  37, obj = 0.347334E-01, ibest =   6, bestobj = 0.347334E-01
Initial coordinates:  2838.96      47.7775      14404.5     -19252.6    
Final coordinates: -38113.4      29.5782     -1421.33      14161.8    
--------------------------------------------------------------------------------
ntry =  30, igood =  15, icount =  35, obj = 0.347334E-01, ibest =   6, bestobj = 0.347334E-01
Initial coordinates: -2623.06     -21.6519      43937.9     -27987.9    
Final coordinates: -38118.0      29.5815     -1423.39      14161.2    
--------------------------------------------------------------------------------
ntry =  31, igood =  16, icount =  32, obj = 0.347334E-01, ibest =   6, bestobj = 0.347334E-01
Initial coordinates:  1763.43      4.80947     -24346.6     -32783.1    
Final coordinates: -38120.4      29.5832     -1424.38      14161.1    
--------------------------------------------------------------------------------
ntry =  32, igood =  17, icount =  32, obj = 0.347334E-01, ibest =   6, bestobj = 0.347334E-01
Initial coordinates:  3438.47      36.6820     -4400.74      10786.9    
Final coordinates: -38114.9      29.5792     -1421.51      14161.2    
--------------------------------------------------------------------------------
ntry =  34, igood =  18, icount =  34, obj = 0.347334E-01, ibest =   6, bestobj = 0.347334E-01
Initial coordinates: -2433.28     -20.5305     -12109.3     -34519.0    
Final coordinates: -38120.8      29.5834     -1424.39      14161.3    
--------------------------------------------------------------------------------
ntry =  35, igood =  19, icount =  36, obj = 0.347334E-01, ibest =   6, bestobj = 0.347334E-01
Initial coordinates:  3684.00      46.2425     -31094.3      17214.6    
Final coordinates: -38122.0      29.5844     -1424.84      14161.2    
--------------------------------------------------------------------------------
ntry =  36, igood =  20, icount =  36, obj = 0.347334E-01, ibest =   6, bestobj = 0.347334E-01
Initial coordinates: -2985.06      46.0198      10163.4      23664.2    
Final coordinates: -38114.3      29.5789     -1422.32      14161.2    
--------------------------------------------------------------------------------
ntry =  39, igood =  21, icount =  39, obj = 0.347334E-01, ibest =  39, bestobj = 0.347334E-01
Initial coordinates: -3452.64      9.89119      15869.7     -12307.2    
Final coordinates: -38116.7      29.5805     -1422.54      14161.6    
--------------------------------------------------------------------------------
ntry =  47, igood =  22, icount =  34, obj = 0.347334E-01, ibest =  39, bestobj = 0.347334E-01
Initial coordinates:  4552.38      36.5845      19340.7     -26144.5    
Final coordinates: -38120.2      29.5830     -1424.28      14161.6    
--------------------------------------------------------------------------------
ntry =  48, igood =  23, icount =  41, obj = 0.347334E-01, ibest =  39, bestobj = 0.347334E-01
Initial coordinates: -1212.96      40.6033     -11055.1      4311.75    
Final coordinates: -38121.6      29.5841     -1425.48      14160.8    
--------------------------------------------------------------------------------
ntry =  49, igood =  24, icount =  36, obj = 0.347334E-01, ibest =  39, bestobj = 0.347334E-01
Initial coordinates:  2260.31      40.2875     -16951.3     -34618.8    
Final coordinates: -38115.2      29.5794     -1421.76      14161.4    
--------------------------------------------------------------------------------
ntry =  50, igood =  25, icount =  31, obj = 0.889799E-01, ibest =  39, bestobj = 0.347334E-01
Initial coordinates:  3302.96      11.8123      29449.6     -44917.1    
Final coordinates:  13314.4     -7.43063      19850.1      14062.4    
--------------------------------------------------------------------------------
ntry =  52, igood =  26, icount =  30, obj = 0.347334E-01, ibest =  39, bestobj = 0.347334E-01
Initial coordinates:  3900.22     -2.14518     -16087.0      38074.2    
Final coordinates: -38114.7      29.5790     -1421.71      14161.5    
--------------------------------------------------------------------------------
ntry =  53, igood =  27, icount =  42, obj = 0.347334E-01, ibest =  39, bestobj = 0.347334E-01
Initial coordinates:  1451.14     0.377966      11594.9      5977.44    
Final coordinates: -38118.0      29.5814     -1423.27      14161.1    
--------------------------------------------------------------------------------
ntry =  57, igood =  28, icount =  46, obj = 0.347334E-01, ibest =  39, bestobj = 0.347334E-01
Initial coordinates: -831.479      29.5220     -9859.34      4461.33    
Final coordinates: -38127.8      29.5885     -1427.32      14160.8    
--------------------------------------------------------------------------------
ntry =  58, igood =  29, icount =  37, obj = 0.347334E-01, ibest =  39, bestobj = 0.347334E-01
Initial coordinates: -1575.46      26.7887     -29716.0      26138.5    
Final coordinates: -38097.5      29.5667     -1414.23      14162.5    
--------------------------------------------------------------------------------
ntry =  59, igood =  30, icount =  30, obj = 0.347334E-01, ibest =  39, bestobj = 0.347334E-01
Initial coordinates:  354.565     -4.57707     -30103.0      25256.9    
Final coordinates: -38112.4      29.5774     -1421.41      14160.9    
--------------------------------------------------------------------------------
ntry =  60, igood =  31, icount =  33, obj = 0.347334E-01, ibest =  39, bestobj = 0.347334E-01
Initial coordinates: -2070.93     -29.7594      13406.7     -17022.5    
Final coordinates: -38119.5      29.5825     -1423.86      14161.2    
--------------------------------------------------------------------------------
ntry =  65, igood =  32, icount =  42, obj = 0.347334E-01, ibest =  39, bestobj = 0.347334E-01
Initial coordinates: -888.704      6.94258      37999.5      38712.6    
Final coordinates: -38118.6      29.5820     -1424.06      14161.2    
--------------------------------------------------------------------------------
ntry =  66, igood =  33, icount =  35, obj = 0.442264E-01, ibest =  39, bestobj = 0.347334E-01
Initial coordinates:  2011.28     -20.2877      1541.75      6981.34    
Final coordinates: -7975.58      7.82520      11684.9      15269.9    
--------------------------------------------------------------------------------
ntry =  68, igood =  34, icount =  32, obj = 0.347334E-01, ibest =  39, bestobj = 0.347334E-01
Initial coordinates: -1499.46      5.68371      26742.7      16449.2    
Final coordinates: -38120.0      29.5829     -1424.34      14161.2    
--------------------------------------------------------------------------------
ntry =  69, igood =  35, icount =  34, obj = 0.495309E-01, ibest =  39, bestobj = 0.347334E-01
Initial coordinates: -4962.12     -7.28063      46685.7     -43261.0    
Final coordinates: -2923.16      4.23195      13451.1      15290.5    
--------------------------------------------------------------------------------
ntry =  72, igood =  36, icount =  38, obj = 0.347334E-01, ibest =  39, bestobj = 0.347334E-01
Initial coordinates: -3811.35     -9.93056      44830.6     -9182.12    
Final coordinates: -38119.5      29.5825     -1424.25      14160.9    
--------------------------------------------------------------------------------
ntry =  73, igood =  37, icount =  40, obj = 0.347334E-01, ibest =  39, bestobj = 0.347334E-01
Initial coordinates:  981.329      23.8898      47790.3     -27062.1    
Final coordinates: -38120.1      29.5829     -1424.04      14161.6    
--------------------------------------------------------------------------------
ntry =  74, igood =  38, icount =  37, obj = 0.347334E-01, ibest =  39, bestobj = 0.347334E-01
Initial coordinates: -1359.56     -19.2231      46461.4     -2622.13    
Final coordinates: -38120.3      29.5831     -1424.61      14161.1    
--------------------------------------------------------------------------------
ntry =  75, igood =  39, icount =  39, obj = 0.486208E-01, ibest =  39, bestobj = 0.347334E-01
Initial coordinates: -890.131     -28.9565      39520.9     -43877.6    
Final coordinates: -3600.85      4.67776      13523.6      15406.7    
--------------------------------------------------------------------------------
ntry =  76, igood =  40, icount =  30, obj = 0.347334E-01, ibest =  39, bestobj = 0.347334E-01
Initial coordinates:  3444.46     -17.6675     -15085.0     -23009.1    
Final coordinates: -38114.5      29.5790     -1421.45      14161.9    
--------------------------------------------------------------------------------
ntry =  77, igood =  41, icount =  32, obj = 0.347334E-01, ibest =  39, bestobj = 0.347334E-01
Initial coordinates:  4740.74      44.3871      37372.4     -2589.21    
Final coordinates: -38129.2      29.5895     -1428.24      14161.4    
--------------------------------------------------------------------------------
ntry =  81, igood =  42, icount =  36, obj = 0.658034E-01, ibest =  39, bestobj = 0.347334E-01
Initial coordinates:  2932.50     -24.8083      39527.4     -41555.3    
Final coordinates:  6634.10     -2.66764      17626.8      15267.4    
--------------------------------------------------------------------------------
ntry =  87, igood =  43, icount =  32, obj = 0.398793E-01, ibest =  39, bestobj = 0.347334E-01
Initial coordinates: -2172.65     -5.67564     -38414.7     -9237.05    
Final coordinates: -14358.6      12.4200      9019.12      15242.0    
--------------------------------------------------------------------------------
ntry =  89, igood =  44, icount =  40, obj = 0.347334E-01, ibest =  39, bestobj = 0.347334E-01
Initial coordinates: -4328.69     -1.29666      47235.3     -9862.20    
Final coordinates: -38116.7      29.5806     -1423.55      14160.3    
--------------------------------------------------------------------------------
ntry =  92, igood =  45, icount =  42, obj = 0.347334E-01, ibest =  39, bestobj = 0.347334E-01
Initial coordinates: -3366.49     -9.30052     -1075.38     -12769.6    
Final coordinates: -38115.5      29.5796     -1422.14      14161.3    
--------------------------------------------------------------------------------
ntry =  94, igood =  46, icount =  30, obj = 0.541732E-01, ibest =  39, bestobj = 0.347334E-01
Initial coordinates:  2341.04      13.9047     -46802.0     -35933.0    
Final coordinates:  540.569      1.70462      15192.7      15368.6    
--------------------------------------------------------------------------------
ntry =  95, igood =  47, icount =  37, obj = 0.347334E-01, ibest =  39, bestobj = 0.347334E-01
Initial coordinates:  4408.09     -29.7373      35705.1     -27398.1    
Final coordinates: -38121.3      29.5839     -1424.77      14160.5    
--------------------------------------------------------------------------------
ntry =  99, igood =  48, icount =  30, obj = 0.608311E-01, ibest =  39, bestobj = 0.347334E-01
Initial coordinates:  1925.29      5.80104      29823.9      17183.7    
Final coordinates:  4348.95     -1.03051      16732.1      15280.5    
--------------------------------------------------------------------------------
ntry = 100, igood =  49, icount =  37, obj = 0.347334E-01, ibest =  39, bestobj = 0.347334E-01
Initial coordinates: -191.188      30.8247      31280.4     -26694.2    
Final coordinates: -38117.1      29.5809     -1423.29      14161.5    
--------------------------------------------------------------------------------
  1  0.00000     pseudo_experiment  0.00000    
  2 0.561033E-03 tronin_1210_11    0.561033E-03
  3 0.148451E-02 tronin            0.204554E-02
  4 0.409728E-03 tronin            0.245527E-02
  5 0.678311E-04 tronin            0.252310E-02
  6 0.554681E-03 tronin            0.307778E-02
  7 0.230492E-02 tronin            0.538270E-02
  8 0.428879E-02 tronin            0.967149E-02
  9 0.454187E-03 tronin            0.101257E-01
 10 0.109094E-02 tronin            0.112166E-01
 11 0.794186E-06 tronin            0.112174E-01
 12 0.319355E-02 tronin            0.144110E-01
 13 0.272112E-02 tronin            0.171321E-01
 14 0.323924E-04 Tronin            0.171645E-01
 15 0.257557E-02 tronin_1400-321   0.197400E-01
 16 0.602335E-04 tronin_1400-211   0.198003E-01
 17 0.911736E-02 tronin_1550_21    0.289176E-01
 18 0.311785E-02 tronin_1550_31    0.320355E-01
 19 0.269791E-02 tronin_1550_11    0.347334E-01
