 tol/frac/simplx  1.000000000000000E-007  0.400000000000000     
  1.000000000000000E-006
--------------------------------------------------------------------------------
ntry =   1, igood =   1, icount =   26, obj = 0.136207    , ibest =   1, bestobj = 0.136207    
Initial coordinates:  0.00000      0.00000      0.00000      0.00000    
Final coordinates:  50.2740      2.52695      12532.6      15330.1    
--------------------------------------------------------------------------------
ntry =   3, igood =   2, icount =   31, obj = 0.539223    , ibest =   1, bestobj = 0.136207    
Initial coordinates:  4630.56      33.8288     -16464.5      41532.7    
Final coordinates:  7370.63     -2.81857      17536.9      37572.7    
--------------------------------------------------------------------------------
ntry =   4, igood =   3, icount =   54, obj = 0.218471    , ibest =   1, bestobj = 0.136207    
Initial coordinates:  2958.64      33.2693     -15495.7      37118.4    
Final coordinates:  15409.3     -8.68626      19726.0      16596.0    
--------------------------------------------------------------------------------
ntry =   5, igood =   4, icount =   30, obj = 0.330825    , ibest =   1, bestobj = 0.136207    
Initial coordinates: -4100.82      38.8284      20097.9      23455.3    
Final coordinates:  17809.2     -10.4066      21172.3      21468.0    
--------------------------------------------------------------------------------
ntry =   6, igood =   5, icount =   22, obj = 0.122364    , ibest =   6, bestobj = 0.122364    
Initial coordinates: -1998.24     -45.0282      40818.9     -40234.1    
Final coordinates: -6998.59      7.67172      9269.99      15025.6    
--------------------------------------------------------------------------------
ntry =   8, igood =   6, icount =   25, obj =  2.09839    , ibest =   6, bestobj = 0.122364    
Initial coordinates: -4243.59      41.1790     -40817.8      13776.6    
Final coordinates: 0.209210E+07  24457.5     -.145984E+09 -.353447E+08
--------------------------------------------------------------------------------
ntry =   9, igood =   7, icount = 1008, obj = 0.102732    , ibest =   9, bestobj = 0.102732    
Initial coordinates:  3522.92     -37.8922      49457.5      27825.0    
Final coordinates: -46886.6      36.8262     -9825.86      12674.6    
--------------------------------------------------------------------------------
ntry =  10, igood =   8, icount =   32, obj = 0.133872    , ibest =   9, bestobj = 0.102732    
Initial coordinates: -4803.35     -33.0136      49474.3      25369.2    
Final coordinates: -915.151      3.23149      12090.7      15311.9    
--------------------------------------------------------------------------------
ntry =  11, igood =   9, icount = 1001, obj = 0.138541    , ibest =   9, bestobj = 0.102732    
Initial coordinates: -2820.26      15.9293      3901.84     -1993.66    
Final coordinates:  953.535      1.86706      12965.1      15433.4    
--------------------------------------------------------------------------------
ntry =  12, igood =  10, icount =   33, obj =  44.6484    , ibest =   9, bestobj = 0.102732    
Initial coordinates:  3392.26     -47.4580      48938.3      8577.07    
Final coordinates: -11557.8      49.8857      198020.      44086.5    
--------------------------------------------------------------------------------
ntry =  13, igood =  11, icount =   31, obj = 0.175857    , ibest =   9, bestobj = 0.102732    
Initial coordinates:  2670.68     -5.51831      20950.5      29452.6    
Final coordinates:  10341.4     -4.99114      17280.7      15397.1    
--------------------------------------------------------------------------------
ntry =  14, igood =  12, icount =   30, obj = 0.147635    , ibest =   9, bestobj = 0.102732    
Initial coordinates: -612.986     -29.1247      23111.2      16573.1    
Final coordinates:  3862.70     -.262376      14411.8      15866.3    
--------------------------------------------------------------------------------
ntry =  16, igood =  13, icount =   47, obj = 0.145008    , ibest =   9, bestobj = 0.102732    
Initial coordinates:  2522.96      4.97946      13672.4      13101.0    
Final coordinates:  3176.48     0.244562      13995.7      15558.8    
--------------------------------------------------------------------------------
ntry =  17, igood =  14, icount =   31, obj = 0.110250    , ibest =   9, bestobj = 0.102732    
Initial coordinates: -52.1589     -2.93049     -37748.5      3489.67    
Final coordinates: -18364.8      15.9718      3935.21      14457.4    
--------------------------------------------------------------------------------
ntry =  18, igood =  15, icount =   30, obj = 0.111564    , ibest =   9, bestobj = 0.102732    
Initial coordinates: -3058.43      46.7905      8923.02     -48237.7    
Final coordinates: -16640.9      14.7135      4762.54      14731.0    
--------------------------------------------------------------------------------
ntry =  19, igood =  16, icount =   29, obj = 0.245051    , ibest =   9, bestobj = 0.102732    
Initial coordinates: -1856.57      5.33030      17628.3     -48311.7    
Final coordinates: -142612.      111.213     -86258.4      1884.90    
--------------------------------------------------------------------------------
ntry =  20, igood =  17, icount =   30, obj = 0.131240    , ibest =   9, bestobj = 0.102732    
Initial coordinates: -2343.44     -3.91200      33745.0     -27104.7    
Final coordinates: -2091.17      4.09183      11528.2      15268.4    
--------------------------------------------------------------------------------
ntry =  22, igood =  18, icount =   33, obj = 0.217733    , ibest =   9, bestobj = 0.102732    
Initial coordinates: -1682.15      39.1928      20281.5      24603.3    
Final coordinates:  15664.2     -8.87721      19740.7      15698.2    
--------------------------------------------------------------------------------
ntry =  23, igood =  19, icount =   39, obj = 0.374286    , ibest =   9, bestobj = 0.102732    
Initial coordinates: -2409.28      17.1300      15497.4      43544.5    
Final coordinates:  9128.19     -3.47417      13543.7      19295.5    
--------------------------------------------------------------------------------
ntry =  24, igood =  20, icount =   28, obj = 0.143177    , ibest =   9, bestobj = 0.102732    
Initial coordinates:  4712.58     0.952256E-01 -7019.92     -18288.4    
Final coordinates:  2590.74     0.671581      13717.6      15444.9    
--------------------------------------------------------------------------------
ntry =  25, igood =  21, icount =   46, obj = 0.150043    , ibest =   9, bestobj = 0.102732    
Initial coordinates:  1036.84     -33.1291      42645.6      3556.54    
Final coordinates:  4554.47     -.760945      14660.9      15773.3    
--------------------------------------------------------------------------------
ntry =  26, igood =  22, icount =   10, obj =  5.14242    , ibest =   9, bestobj = 0.102732    
Initial coordinates:  377.909      6.48708     -13028.3     -1190.86    
Final coordinates:  2388.38     0.819698      13616.3      15410.2    
--------------------------------------------------------------------------------
ntry =  27, igood =  23, icount =   10, obj =  5.22878    , ibest =   9, bestobj = 0.102732    
Initial coordinates: -3073.72      10.2786      13906.3     -2221.90    
Final coordinates:  14624.3     -8.02417      18254.6      15069.7    
--------------------------------------------------------------------------------
ntry =  28, igood =  24, icount =   33, obj = 0.175462    , ibest =   9, bestobj = 0.102732    
Initial coordinates:  2465.97      16.0813      47487.2      38926.3    
Final coordinates:  10277.3     -4.94265      17286.5      15718.5    
--------------------------------------------------------------------------------
ntry =  29, igood =  25, icount =   25, obj = 0.118558    , ibest =   9, bestobj = 0.102732    
Initial coordinates:  2838.96      47.7775      14404.5     -19252.6    
Final coordinates: -9797.60      9.71999      7901.34      14768.6    
--------------------------------------------------------------------------------
ntry =  30, igood =  26, icount =   31, obj = 0.120988    , ibest =   9, bestobj = 0.102732    
Initial coordinates: -2623.06     -21.6519      43937.9     -27987.9    
Final coordinates: -7919.80      8.34554      8833.21      15023.5    
--------------------------------------------------------------------------------
ntry =  31, igood =  27, icount =   40, obj = 0.119608    , ibest =   9, bestobj = 0.102732    
Initial coordinates:  1763.43      4.80947     -24346.6     -32783.1    
Final coordinates: -9916.20      9.81181      7860.40      14743.4    
--------------------------------------------------------------------------------
ntry =  32, igood =  28, icount =   33, obj = 0.174209    , ibest =   9, bestobj = 0.102732    
Initial coordinates:  3438.47      36.6820     -4400.74      10786.9    
Final coordinates:  9926.85     -4.68504      17170.8      16111.5    
--------------------------------------------------------------------------------
ntry =  34, igood =  29, icount =   49, obj =  1.21184    , ibest =   9, bestobj = 0.102732    
Initial coordinates: -2433.28     -20.5305     -12109.3     -34519.0    
Final coordinates: -67734.2      80.1188     -181613.     -28406.9    
--------------------------------------------------------------------------------
ntry =  35, igood =  30, icount =   33, obj = 0.239703    , ibest =   9, bestobj = 0.102732    
Initial coordinates:  3684.00      46.2425     -31094.3      17214.6    
Final coordinates:  11167.8     -5.37945      15579.2      15524.1    
--------------------------------------------------------------------------------
ntry =  36, igood =  31, icount =   36, obj = 0.138334    , ibest =   9, bestobj = 0.102732    
Initial coordinates: -2985.06      46.0198      10163.4      23664.2    
Final coordinates:  877.285      1.92278      12924.8      15399.4    
--------------------------------------------------------------------------------
ntry =  37, igood =  32, icount = 1021, obj =  163.495    , ibest =   9, bestobj = 0.102732    
Initial coordinates:  4233.37     -14.6898      47791.1      27345.8    
Final coordinates:  14028.7     -6.75415      14837.1      38689.1    
--------------------------------------------------------------------------------
ntry =  38, igood =  33, icount =   31, obj = 0.134842    , ibest =   9, bestobj = 0.102732    
Initial coordinates:  692.677     -31.7968      13266.9      30929.9    
Final coordinates: -505.845      2.93214      12287.1      15338.8    
--------------------------------------------------------------------------------
ntry =  39, igood =  34, icount =   23, obj = 0.124011    , ibest =   9, bestobj = 0.102732    
Initial coordinates: -3452.64      9.89119      15869.7     -12307.2    
Final coordinates: -5978.57      6.92844      9757.65      15276.6    
--------------------------------------------------------------------------------
ntry =  40, igood =  35, icount =   35, obj = 0.538191    , ibest =   9, bestobj = 0.102732    
Initial coordinates:  3175.07      4.48293      48222.1      42901.6    
Final coordinates:  5390.58     -1.35943      16470.8      38528.4    
--------------------------------------------------------------------------------
ntry =  44, igood =  36, icount =   48, obj = 0.149796    , ibest =   9, bestobj = 0.102732    
Initial coordinates:  414.063      44.1054      21933.6      4045.51    
Final coordinates:  4608.17     -.802394      14676.5      15625.5    
--------------------------------------------------------------------------------
ntry =  46, igood =  37, icount =   44, obj = 0.846225    , ibest =   9, bestobj = 0.102732    
Initial coordinates: -1424.88     -27.8148      41103.0     -29641.9    
Final coordinates: -1961.33      5.96549      91.7339      33741.9    
--------------------------------------------------------------------------------
ntry =  47, igood =  38, icount =   28, obj = 0.159778    , ibest =   9, bestobj = 0.102732    
Initial coordinates:  4552.38      36.5845      19340.7     -26144.5    
Final coordinates:  7165.62     -2.66922      15839.5      15621.6    
--------------------------------------------------------------------------------
ntry =  48, igood =  39, icount =   59, obj = 0.133008    , ibest =   9, bestobj = 0.102732    
Initial coordinates: -1212.96      40.6033     -11055.1      4311.75    
Final coordinates: -1440.44      3.61284      11919.6      15672.0    
--------------------------------------------------------------------------------
ntry =  49, igood =  40, icount =   21, obj =  1.09767    , ibest =   9, bestobj = 0.102732    
Initial coordinates:  2260.31      40.2875     -16951.3     -34618.8    
Final coordinates: -74705.4      82.8707     -173532.     -25033.3    
--------------------------------------------------------------------------------
ntry =  50, igood =  41, icount =   23, obj = 0.202988    , ibest =   9, bestobj = 0.102732    
Initial coordinates:  3302.96      11.8123      29449.6     -44917.1    
Final coordinates:  10658.9     -5.08936      16099.7      15245.7    
--------------------------------------------------------------------------------
ntry =  51, igood =  42, icount =   26, obj = 0.304845    , ibest =   9, bestobj = 0.102732    
Initial coordinates:  2390.89      10.1800      44619.8     -29192.6    
Final coordinates:  12623.9     -6.64223      19167.7      23401.9    
--------------------------------------------------------------------------------
ntry =  52, igood =  43, icount =   34, obj = 0.119622    , ibest =   9, bestobj = 0.102732    
Initial coordinates:  3900.22     -2.14518     -16087.0      38074.2    
Final coordinates: -8908.63      9.06682      8385.63      15036.4    
--------------------------------------------------------------------------------
ntry =  53, igood =  44, icount =   31, obj = 0.127042    , ibest =   9, bestobj = 0.102732    
Initial coordinates:  1451.14     0.377966      11594.9      5977.44    
Final coordinates: -4200.77      5.63082      10564.0      15214.7    
--------------------------------------------------------------------------------
ntry =  54, igood =  45, icount =   33, obj = 0.856634    , ibest =   9, bestobj = 0.102732    
Initial coordinates: -1848.14      37.0560     -29039.2     -36805.5    
Final coordinates: -140169.      130.314     -202208.     -24300.2    
--------------------------------------------------------------------------------
ntry =  55, igood =  46, icount = 1013, obj =  167.328    , ibest =   9, bestobj = 0.102732    
Initial coordinates: -2405.87      18.7049     -25932.2      34889.1    
Final coordinates: -186471.      152.301     -117256.      4802.52    
--------------------------------------------------------------------------------
ntry =  57, igood =  47, icount =   34, obj = 0.104392    , ibest =   9, bestobj = 0.102732    
Initial coordinates: -831.479      29.5220     -9859.34      4461.33    
Final coordinates: -30276.5      24.6857     -1854.55      13672.7    
--------------------------------------------------------------------------------
ntry =  58, igood =  48, icount =   37, obj = 0.122688    , ibest =   9, bestobj = 0.102732    
Initial coordinates: -1575.46      26.7887     -29716.0      26138.5    
Final coordinates: -6865.64      7.58008      9255.68      14856.2    
--------------------------------------------------------------------------------
ntry =  59, igood =  49, icount =   10, obj =  5.17441    , ibest =   9, bestobj = 0.102732    
Initial coordinates:  354.565     -4.57707     -30103.0      25256.9    
Final coordinates: -9251.66      9.76216      3527.84      12632.0    
--------------------------------------------------------------------------------
ntry =  60, igood =  50, icount =   46, obj = 0.131350    , ibest =   9, bestobj = 0.102732    
Initial coordinates: -2070.93     -29.7594      13406.7     -17022.5    
Final coordinates: -2041.82      4.05615      11554.8      15323.5    
--------------------------------------------------------------------------------
ntry =  61, igood =  51, icount =   33, obj = 0.144948    , ibest =   9, bestobj = 0.102732    
Initial coordinates:  2647.14     -7.31326     -42720.5      18364.0    
Final coordinates:  3164.25     0.252591      13990.6      15500.2    
--------------------------------------------------------------------------------
ntry =  62, igood =  52, icount =   30, obj = 0.135103    , ibest =   9, bestobj = 0.102732    
Initial coordinates:  4707.41      31.2070     -34077.9     -29967.3    
Final coordinates: -397.648      2.85366      12329.6      15324.1    
--------------------------------------------------------------------------------
ntry =  63, igood =  53, icount = 1008, obj =  175.410    , ibest =   9, bestobj = 0.102732    
Initial coordinates: -576.016      39.2085      29254.0      43368.2    
Final coordinates: -171082.      201.305     -339940.     -23792.6    
--------------------------------------------------------------------------------
ntry =  64, igood =  54, icount =   28, obj = 0.126500    , ibest =   9, bestobj = 0.102732    
Initial coordinates: -4585.88     -26.8718     -3687.70     -19902.5    
Final coordinates: -4499.31      5.85014      10415.3      15229.2    
--------------------------------------------------------------------------------
ntry =  65, igood =  55, icount =   30, obj = 0.600517    , ibest =   9, bestobj = 0.102732    
Initial coordinates: -888.704      6.94258      37999.5      38712.6    
Final coordinates:  10847.1     -5.31980      18876.1      39512.7    
--------------------------------------------------------------------------------
ntry =  66, igood =  56, icount =   29, obj = 0.129130    , ibest =   9, bestobj = 0.102732    
Initial coordinates:  2011.28     -20.2877      1541.75      6981.34    
Final coordinates: -13463.5      12.6291      4673.76      14608.6    
--------------------------------------------------------------------------------
ntry =  67, igood =  57, icount =   27, obj = 0.145098    , ibest =   9, bestobj = 0.102732    
Initial coordinates: -360.394      13.4764      8912.79      14391.8    
Final coordinates:  3213.39     0.217161      14004.5      15471.5    
--------------------------------------------------------------------------------
ntry =  68, igood =  58, icount =   37, obj = 0.134302    , ibest =   9, bestobj = 0.102732    
Initial coordinates: -1499.46      5.68371      26742.7      16449.2    
Final coordinates: -732.335      3.09865      12167.7      15307.6    
--------------------------------------------------------------------------------
ntry =  69, igood =  59, icount =   60, obj = 0.144099    , ibest =   9, bestobj = 0.102732    
Initial coordinates: -4962.12     -7.28063      46685.7     -43261.0    
Final coordinates: -97507.3      74.5233     -36394.6      11029.1    
--------------------------------------------------------------------------------
ntry =  70, igood =  60, icount = 1014, obj =  5.13838    , ibest =   9, bestobj = 0.102732    
Initial coordinates:  2354.54     -16.2235     -43335.9      32903.9    
Final coordinates: -489.727      2.96394      11711.6      14252.0    
--------------------------------------------------------------------------------
ntry =  71, igood =  61, icount =   30, obj = 0.122574    , ibest =   9, bestobj = 0.102732    
Initial coordinates: -857.628     -44.5272      40317.2     -19686.1    
Final coordinates: -7361.11      7.94802      9039.80      15088.5    
--------------------------------------------------------------------------------
ntry =  72, igood =  62, icount = 1001, obj = 0.143302    , ibest =   9, bestobj = 0.102732    
Initial coordinates: -3811.35     -9.93056      44830.6     -9182.12    
Final coordinates:  2629.77     0.643506      13723.0      15387.3    
--------------------------------------------------------------------------------
ntry =  73, igood =  63, icount =   44, obj = 0.104170    , ibest =   9, bestobj = 0.102732    
Initial coordinates:  981.329      23.8898      47790.3     -27062.1    
Final coordinates: -31462.4      25.5754     -2675.38      13370.7    
--------------------------------------------------------------------------------
ntry =  74, igood =  64, icount = 1006, obj =  13.5359    , ibest =   9, bestobj = 0.102732    
Initial coordinates: -1359.56     -19.2231      46461.4     -2622.13    
Final coordinates:  61556.8     -26.8068     -46635.3     -7309.47    
--------------------------------------------------------------------------------
ntry =  75, igood =  65, icount =   30, obj = 0.415800    , ibest =   9, bestobj = 0.102732    
Initial coordinates: -890.131     -28.9565      39520.9     -43877.6    
Final coordinates:  3255.98     0.176477      15455.3      31487.6    
--------------------------------------------------------------------------------
ntry =  76, igood =  66, icount =   46, obj = 0.208324    , ibest =   9, bestobj = 0.102732    
Initial coordinates:  3444.46     -17.6675     -15085.0     -23009.1    
Final coordinates:  14728.8     -8.19366      19301.2      15635.1    
--------------------------------------------------------------------------------
ntry =  77, igood =  67, icount = 1001, obj = 0.286253    , ibest =   9, bestobj = 0.102732    
Initial coordinates:  4740.74      44.3871      37372.4     -2589.21    
Final coordinates:  16385.5     -9.38250      20556.1      20528.7    
--------------------------------------------------------------------------------
ntry =  78, igood =  68, icount =   26, obj = 0.133266    , ibest =   9, bestobj = 0.102732    
Initial coordinates: -1028.81      23.9455      3013.31      6601.17    
Final coordinates: -18146.7      16.1030      1211.33      15100.5    
--------------------------------------------------------------------------------
ntry =  80, igood =  69, icount = 1013, obj =  5.23895    , ibest =   9, bestobj = 0.102732    
Initial coordinates:  1282.76     -42.2062      36394.5      23424.5    
Final coordinates:  11636.0     -5.73253      15823.6      15015.8    
--------------------------------------------------------------------------------
ntry =  81, igood =  70, icount = 1009, obj =  182.267    , ibest =   9, bestobj = 0.102732    
Initial coordinates:  2932.50     -24.8083      39527.4     -41555.3    
Final coordinates:  17806.7      523.975     -.188530E+07 -206604.    
--------------------------------------------------------------------------------
ntry =  83, igood =  71, icount =   41, obj = 0.226311    , ibest =   9, bestobj = 0.102732    
Initial coordinates:  3890.25     -19.9178     -27303.1     -45654.4    
Final coordinates:  3181.25     0.699711      11535.7      16440.4    
--------------------------------------------------------------------------------
ntry =  84, igood =  72, icount = 1017, obj = 0.302366    , ibest =   9, bestobj = 0.102732    
Initial coordinates:  3684.48      27.1844      9679.82      42379.5    
Final coordinates:  20337.1     -12.2755      21980.4      17220.1    
--------------------------------------------------------------------------------
ntry =  85, igood =  73, icount = 1014, obj = 0.209608    , ibest =   9, bestobj = 0.102732    
Initial coordinates: -4355.58      24.2728     -35036.4      4631.72    
Final coordinates:  14778.9     -8.22981      19199.7      14943.3    
--------------------------------------------------------------------------------
ntry =  87, igood =  74, icount =   44, obj = 0.121260    , ibest =   9, bestobj = 0.102732    
Initial coordinates: -2172.65     -5.67564     -38414.7     -9237.05    
Final coordinates: -7740.23      8.21176      8946.63      15057.8    
--------------------------------------------------------------------------------
ntry =  89, igood =  75, icount =   46, obj = 0.133893    , ibest =   9, bestobj = 0.102732    
Initial coordinates: -4328.69     -1.29666      47235.3     -9862.20    
Final coordinates: -964.191      3.27902      11945.6      15259.5    
--------------------------------------------------------------------------------
ntry =  90, igood =  76, icount =   37, obj = 0.160562    , ibest =   9, bestobj = 0.102732    
Initial coordinates: -2961.32      41.8734      39160.8      6146.19    
Final coordinates:  7231.73     -2.71667      15914.9      15977.6    
--------------------------------------------------------------------------------
ntry =  91, igood =  77, icount = 1013, obj =  154.413    , ibest =   9, bestobj = 0.102732    
Initial coordinates: -877.997      24.1249     -39662.7      47102.5    
Final coordinates: -229366.      158.552      375.064     0.200198E+07
--------------------------------------------------------------------------------
ntry =  92, igood =  78, icount =   30, obj = 0.124269    , ibest =   9, bestobj = 0.102732    
Initial coordinates: -3366.49     -9.30052     -1075.38     -12769.6    
Final coordinates: -5786.55      6.78906      9819.39      15132.5    
--------------------------------------------------------------------------------
ntry =  93, igood =  79, icount =   24, obj = 0.135207    , ibest =   9, bestobj = 0.102732    
Initial coordinates:  3242.68     -24.7334      44812.6      1187.42    
Final coordinates: -354.340      2.82341      12336.4      15326.4    
--------------------------------------------------------------------------------
ntry =  94, igood =  80, icount = 1001, obj =  1.13817    , ibest =   9, bestobj = 0.102732    
Initial coordinates:  2341.04      13.9047     -46802.0     -35933.0    
Final coordinates:  10354.6     -.604892     -9658.04      3789.09    
--------------------------------------------------------------------------------
ntry =  95, igood =  81, icount =   49, obj = 0.179355    , ibest =   9, bestobj = 0.102732    
Initial coordinates:  4408.09     -29.7373      35705.1     -27398.1    
Final coordinates:  10695.1     -5.24095      17401.2      15430.6    
--------------------------------------------------------------------------------
ntry =  96, igood =  82, icount =   27, obj = 0.148124    , ibest =   9, bestobj = 0.102732    
Initial coordinates:  926.162      34.6947      5612.38      19492.1    
Final coordinates:  4136.55     -.457255      14438.9      15528.5    
--------------------------------------------------------------------------------
ntry =  97, igood =  83, icount =   26, obj = 0.117896    , ibest =   9, bestobj = 0.102732    
Initial coordinates: -2436.44      14.4210      38617.5      43207.7    
Final coordinates: -100195.      75.7254     -34983.8      10745.7    
--------------------------------------------------------------------------------
ntry =  98, igood =  84, icount =   25, obj = 0.270235    , ibest =   9, bestobj = 0.102732    
Initial coordinates: -4000.14      32.2689      35582.4     -554.776    
Final coordinates:  16027.7     -9.01420      18303.7      13689.9    
--------------------------------------------------------------------------------
ntry =  99, igood =  85, icount =   37, obj = 0.146105    , ibest =   9, bestobj = 0.102732    
Initial coordinates:  1925.29      5.80104      29823.9      17183.7    
Final coordinates:  3526.81     -.111422E-01  14148.5      15512.1    
--------------------------------------------------------------------------------
ntry = 100, igood =  86, icount =   30, obj = 0.121451    , ibest =   9, bestobj = 0.102732    
Initial coordinates: -191.188      30.8247      31280.4     -26694.2    
Final coordinates: -7655.52      8.15810      8881.52      14875.1    
--------------------------------------------------------------------------------
  1  0.00000     pseudo_experiment  0.00000    
  2 0.879254E-03 MgSbin1           0.879254E-03
  3 0.182029E-02 MgSbin2           0.269954E-02
  4 0.265055E-02 MgSbin3           0.535009E-02
  5 0.361924E-02 MgSbin4           0.896933E-02
  6 0.353108E-02 MgSbin5           0.125004E-01
  7 0.571312E-03 MgSbin6           0.130717E-01
  8 0.120233E-02 MgSbin7           0.142741E-01
  9 0.190981E-02 MgSbin8           0.161839E-01
 10 0.678311E-04 MgSbin9           0.162517E-01
 11 0.611716E-03 MgSbin11          0.168634E-01
 12 0.315468E-04 MgSbin12          0.168950E-01
 13 0.183081E-02 MgSbin13          0.187258E-01
 14 0.524671E-03 MgSbin14          0.192504E-01
 15 0.967279E-04 MgSbin15          0.193472E-01
 16 0.782443E-04 MgSbin16          0.194254E-01
 17 0.418317E-02 MgSbin18          0.236086E-01
 18 0.569739E-03 MgSbin19          0.241783E-01
 19 0.759951E-05 MgSbin20          0.241859E-01
 20 0.284512E-03 MgSbin21          0.244704E-01
 21 0.357830E-03 MgSbin22          0.248283E-01
 22 0.239961E-03 MgSbin23          0.250682E-01
 23 0.189652E-04 MgSbin24          0.250872E-01
 24 0.989474E-04 MgSbin25          0.251861E-01
 25 0.775455E-03 MgSbin26          0.259616E-01
 26 0.454187E-03 MgSbin27          0.264158E-01
 27 0.119103E-02 MgSbin29          0.276068E-01
 28 0.203674E-02 MgSbin30          0.296435E-01
 29 0.101615E-02 MgSbin31          0.306597E-01
 30 0.796955E-03 MgSbin32          0.314566E-01
 31 0.108904E-02 MgSbin33          0.325457E-01
 32 0.111734E-03 MgSbin34          0.326574E-01
 33 0.794186E-06 MgSbin35          0.326582E-01
 34 0.726017E-03 MgSbin36          0.333842E-01
 35 0.804565E-03 MgSbin37          0.341888E-01
 36 0.323924E-04 MgSbin39          0.342212E-01
 37 0.441900E-03 MgSbin40          0.346631E-01
 38 0.305792E-02 MgSbin41          0.377210E-01
 39 0.108531E-01 MgSbin42          0.485742E-01
 40 0.145792E-03 MgSbin43          0.487199E-01
 41 0.470971E-02 MgSbin44          0.534297E-01
 42 0.259971E-02 MgSbin45          0.560294E-01
 43 0.801206E-03 MgSbin46          0.568306E-01
 44 0.376550E-02 MgSbin47          0.605961E-01
 45 0.552683E-02 MgSbin48          0.661229E-01
 46 0.324695E-27 MgSbin50          0.661229E-01
 47 0.383961E-02 MgSbin51          0.699625E-01
 48 0.141416E-04 MgSbin52          0.699766E-01
 49 0.132094E-02 MgSbin55          0.712976E-01
 50 0.137203E-02 MgSbin56          0.726696E-01
 51 0.425257E-03 MgSbin57          0.730949E-01
 52 0.113755E-02 MgSbin59          0.742324E-01
 53 0.749810E-03 MgSbin61          0.749822E-01
 54 0.324508E-02 MgSbin64          0.782273E-01
 55 0.121029E-01 MgSbin65          0.903302E-01
 56 0.502126E-02 MgSbin66          0.953515E-01
 57 0.738031E-02 MgSbin67          0.102732    
