 tol/frac/simplx  1.000000000000000E-007  0.400000000000000     
  1.000000000000000E-006
--------------------------------------------------------------------------------
ntry =   1, igood =   1, icount =   26, obj = 0.136207    , ibest =   1, bestobj = 0.136207    
Initial coordinates:  0.00000      0.00000      0.00000      0.00000    
Final coordinates:  50.2740      2.52695      12532.6      15330.1    
--------------------------------------------------------------------------------
ntry =   3, igood =   2, icount =   31, obj = 0.539223    , ibest =   1, bestobj = 0.136207    
Initial coordinates:  4630.56      33.8288     -16464.5      41532.7    
Final coordinates:  7370.63     -2.81857      17536.9      37572.7    
--------------------------------------------------------------------------------
ntry =   4, igood =   3, icount =   54, obj = 0.218471    , ibest =   1, bestobj = 0.136207    
Initial coordinates:  2958.64      33.2693     -15495.7      37118.4    
Final coordinates:  15409.3     -8.68626      19726.0      16596.0    
--------------------------------------------------------------------------------
ntry =   5, igood =   4, icount =   30, obj = 0.330825    , ibest =   1, bestobj = 0.136207    
Initial coordinates: -4100.82      38.8284      20097.9      23455.3    
Final coordinates:  17809.2     -10.4066      21172.3      21468.0    
--------------------------------------------------------------------------------
ntry =   6, igood =   5, icount =   22, obj = 0.122364    , ibest =   6, bestobj = 0.122364    
Initial coordinates: -1998.24     -45.0282      40818.9     -40234.1    
Final coordinates: -6998.59      7.67172      9269.99      15025.6    
--------------------------------------------------------------------------------
ntry =   8, igood =   6, icount =   25, obj =  2.09839    , ibest =   6, bestobj = 0.122364    
Initial coordinates: -4243.59      41.1790     -40817.8      13776.6    
Final coordinates: 0.209210E+07  24457.5     -.145984E+09 -.353447E+08
--------------------------------------------------------------------------------
ntry =   9, igood =   7, icount = 1008, obj = 0.102732    , ibest =   9, bestobj = 0.102732    
Initial coordinates:  3522.92     -37.8922      49457.5      27825.0    
Final coordinates: -46886.6      36.8262     -9825.86      12674.6    
--------------------------------------------------------------------------------
ntry =  10, igood =   8, icount =   32, obj = 0.133872    , ibest =   9, bestobj = 0.102732    
Initial coordinates: -4803.35     -33.0136      49474.3      25369.2    
Final coordinates: -915.151      3.23149      12090.7      15311.9    
--------------------------------------------------------------------------------
ntry =  11, igood =   9, icount = 1001, obj = 0.138541    , ibest =   9, bestobj = 0.102732    
Initial coordinates: -2820.26      15.9293      3901.84     -1993.66    
Final coordinates:  953.535      1.86706      12965.1      15433.4    
--------------------------------------------------------------------------------
ntry =  12, igood =  10, icount =   33, obj =  44.6484    , ibest =   9, bestobj = 0.102732    
Initial coordinates:  3392.26     -47.4580      48938.3      8577.07    
Final coordinates: -11557.8      49.8857      198020.      44086.5    
--------------------------------------------------------------------------------
ntry =  13, igood =  11, icount =   31, obj = 0.175857    , ibest =   9, bestobj = 0.102732    
Initial coordinates:  2670.68     -5.51831      20950.5      29452.6    
Final coordinates:  10341.4     -4.99114      17280.7      15397.1    
--------------------------------------------------------------------------------
ntry =  14, igood =  12, icount =   30, obj = 0.147635    , ibest =   9, bestobj = 0.102732    
Initial coordinates: -612.986     -29.1247      23111.2      16573.1    
Final coordinates:  3862.70     -.262376      14411.8      15866.3    
--------------------------------------------------------------------------------
ntry =  16, igood =  13, icount =   47, obj = 0.145008    , ibest =   9, bestobj = 0.102732    
Initial coordinates:  2522.96      4.97946      13672.4      13101.0    
Final coordinates:  3176.48     0.244562      13995.7      15558.8    
--------------------------------------------------------------------------------
ntry =  17, igood =  14, icount =   31, obj = 0.110250    , ibest =   9, bestobj = 0.102732    
Initial coordinates: -52.1589     -2.93049     -37748.5      3489.67    
Final coordinates: -18364.8      15.9718      3935.21      14457.4    
--------------------------------------------------------------------------------
ntry =  18, igood =  15, icount =   30, obj = 0.111564    , ibest =   9, bestobj = 0.102732    
Initial coordinates: -3058.43      46.7905      8923.02     -48237.7    
Final coordinates: -16640.9      14.7135      4762.54      14731.0    
--------------------------------------------------------------------------------
ntry =  19, igood =  16, icount =   29, obj = 0.245051    , ibest =   9, bestobj = 0.102732    
Initial coordinates: -1856.57      5.33030      17628.3     -48311.7    
Final coordinates: -142612.      111.213     -86258.4      1884.90    
--------------------------------------------------------------------------------
ntry =  20, igood =  17, icount =   30, obj = 0.131240    , ibest =   9, bestobj = 0.102732    
Initial coordinates: -2343.44     -3.91200      33745.0     -27104.7    
Final coordinates: -2091.17      4.09183      11528.2      15268.4    
--------------------------------------------------------------------------------
ntry =  22, igood =  18, icount =   33, obj = 0.217733    , ibest =   9, bestobj = 0.102732    
Initial coordinates: -1682.15      39.1928      20281.5      24603.3    
Final coordinates:  15664.2     -8.87721      19740.7      15698.2    
--------------------------------------------------------------------------------
ntry =  23, igood =  19, icount =   39, obj = 0.374286    , ibest =   9, bestobj = 0.102732    
Initial coordinates: -2409.28      17.1300      15497.4      43544.5    
Final coordinates:  9128.19     -3.47417      13543.7      19295.5    
--------------------------------------------------------------------------------
ntry =  24, igood =  20, icount =   28, obj = 0.143177    , ibest =   9, bestobj = 0.102732    
Initial coordinates:  4712.58     0.952256E-01 -7019.92     -18288.4    
Final coordinates:  2590.74     0.671581      13717.6      15444.9    
--------------------------------------------------------------------------------
ntry =  25, igood =  21, icount =   46, obj = 0.150043    , ibest =   9, bestobj = 0.102732    
Initial coordinates:  1036.84     -33.1291      42645.6      3556.54    
Final coordinates:  4554.47     -.760945      14660.9      15773.3    
--------------------------------------------------------------------------------
ntry =  26, igood =  22, icount =   10, obj =  5.14242    , ibest =   9, bestobj = 0.102732    
Initial coordinates:  377.909      6.48708     -13028.3     -1190.86    
Final coordinates:  2388.38     0.819698      13616.3      15410.2    
--------------------------------------------------------------------------------
ntry =  27, igood =  23, icount =   10, obj =  5.22878    , ibest =   9, bestobj = 0.102732    
Initial coordinates: -3073.72      10.2786      13906.3     -2221.90    
Final coordinates:  14624.3     -8.02417      18254.6      15069.7    
--------------------------------------------------------------------------------
ntry =  28, igood =  24, icount =   33, obj = 0.175462    , ibest =   9, bestobj = 0.102732    
Initial coordinates:  2465.97      16.0813      47487.2      38926.3    
Final coordinates:  10277.3     -4.94265      17286.5      15718.5    
--------------------------------------------------------------------------------
ntry =  29, igood =  25, icount =   25, obj = 0.118558    , ibest =   9, bestobj = 0.102732    
Initial coordinates:  2838.96      47.7775      14404.5     -19252.6    
Final coordinates: -9797.60      9.71999      7901.34      14768.6    
--------------------------------------------------------------------------------
ntry =  30, igood =  26, icount =   31, obj = 0.120988    , ibest =   9, bestobj = 0.102732    
Initial coordinates: -2623.06     -21.6519      43937.9     -27987.9    
Final coordinates: -7919.80      8.34554      8833.21      15023.5    
--------------------------------------------------------------------------------
ntry =  31, igood =  27, icount =   40, obj = 0.119608    , ibest =   9, bestobj = 0.102732    
Initial coordinates:  1763.43      4.80947     -24346.6     -32783.1    
Final coordinates: -9916.20      9.81181      7860.40      14743.4    
--------------------------------------------------------------------------------
ntry =  32, igood =  28, icount =   33, obj = 0.174209    , ibest =   9, bestobj = 0.102732    
Initial coordinates:  3438.47      36.6820     -4400.74      10786.9    
Final coordinates:  9926.85     -4.68504      17170.8      16111.5    
--------------------------------------------------------------------------------
ntry =  34, igood =  29, icount =   49, obj =  1.21184    , ibest =   9, bestobj = 0.102732    
Initial coordinates: -2433.28     -20.5305     -12109.3     -34519.0    
Final coordinates: -67734.2      80.1188     -181613.     -28406.9    
--------------------------------------------------------------------------------
ntry =  35, igood =  30, icount =   33, obj = 0.239703    , ibest =   9, bestobj = 0.102732    
Initial coordinates:  3684.00      46.2425     -31094.3      17214.6    
Final coordinates:  11167.8     -5.37945      15579.2      15524.1    
--------------------------------------------------------------------------------
ntry =  36, igood =  31, icount =   36, obj = 0.138334    , ibest =   9, bestobj = 0.102732    
Initial coordinates: -2985.06      46.0198      10163.4      23664.2    
Final coordinates:  877.285      1.92278      12924.8      15399.4    
--------------------------------------------------------------------------------
ntry =  37, igood =  32, icount = 1021, obj =  163.495    , ibest =   9, bestobj = 0.102732    
Initial coordinates:  4233.37     -14.6898      47791.1      27345.8    
Final coordinates:  14028.7     -6.75415      14837.1      38689.1    
--------------------------------------------------------------------------------
ntry =  38, igood =  33, icount =   31, obj = 0.134842    , ibest =   9, bestobj = 0.102732    
Initial coordinates:  692.677     -31.7968      13266.9      30929.9    
Final coordinates: -505.845      2.93214      12287.1      15338.8    
--------------------------------------------------------------------------------
ntry =  39, igood =  34, icount =   23, obj = 0.124011    , ibest =   9, bestobj = 0.102732    
Initial coordinates: -3452.64      9.89119      15869.7     -12307.2    
Final coordinates: -5978.57      6.92844      9757.65      15276.6    
--------------------------------------------------------------------------------
ntry =  40, igood =  35, icount =   35, obj = 0.538191    , ibest =   9, bestobj = 0.102732    
Initial coordinates:  3175.07      4.48293      48222.1      42901.6    
Final coordinates:  5390.58     -1.35943      16470.8      38528.4    
--------------------------------------------------------------------------------
ntry =  44, igood =  36, icount =   48, obj = 0.149796    , ibest =   9, bestobj = 0.102732    
Initial coordinates:  414.063      44.1054      21933.6      4045.51    
Final coordinates:  4608.17     -.802394      14676.5      15625.5    
--------------------------------------------------------------------------------
ntry =  46, igood =  37, icount =   44, obj = 0.846225    , ibest =   9, bestobj = 0.102732    
Initial coordinates: -1424.88     -27.8148      41103.0     -29641.9    
Final coordinates: -1961.33      5.96549      91.7339      33741.9    
--------------------------------------------------------------------------------
ntry =  47, igood =  38, icount =   28, obj = 0.159778    , ibest =   9, bestobj = 0.102732    
Initial coordinates:  4552.38      36.5845      19340.7     -26144.5    
Final coordinates:  7165.62     -2.66922      15839.5      15621.6    
--------------------------------------------------------------------------------
ntry =  48, igood =  39, icount =   59, obj = 0.133008    , ibest =   9, bestobj = 0.102732    
Initial coordinates: -1212.96      40.6033     -11055.1      4311.75    
Final coordinates: -1440.44      3.61284      11919.6      15672.0    
--------------------------------------------------------------------------------
ntry =  49, igood =  40, icount =   21, obj =  1.09767    , ibest =   9, bestobj = 0.102732    
Initial coordinates:  2260.31      40.2875     -16951.3     -34618.8    
Final coordinates: -74705.4      82.8707     -173532.     -25033.3    
--------------------------------------------------------------------------------
ntry =  50, igood =  41, icount =   23, obj = 0.202988    , ibest =   9, bestobj = 0.102732    
Initial coordinates:  3302.96      11.8123      29449.6     -44917.1    
Final coordinates:  10658.9     -5.08936      16099.7      15245.7    
--------------------------------------------------------------------------------
