 tol/frac/simplx  1.000000000000000E-007  0.250000000000000     
  1.000000000000000E-006
--------------------------------------------------------------------------------
ntry =   1 igood =   1 icount =  35 objf = 0.347334E-01 ibest =   1 bestobj = 0.347334E-01
Search   1 initial coordinates:  0.00000      0.00000      0.00000      0.00000    
Final normalized coordinates: -38114.7      29.5790     -1421.67      14161.2    
--------------------------------------------------------------------------------
ntry =   3 igood =   2 icount =  40 objf = 0.347334E-01 ibest =   1 bestobj = 0.347334E-01
Search   3 initial coordinates:  4630.56      33.8288     -16464.5      41532.7    
Final normalized coordinates: -38118.9      29.5821     -1423.61      14161.2    
--------------------------------------------------------------------------------
ntry =   4 igood =   3 icount =  31 objf = 0.739272E-01 ibest =   1 bestobj = 0.347334E-01
Search   4 initial coordinates:  2958.64      33.2693     -15495.7      37118.4    
Final normalized coordinates:  9481.46     -4.71363      18862.4      15780.1    
--------------------------------------------------------------------------------
ntry =  10 igood =   4 icount =  39 objf = 0.475341E-01 ibest =   1 bestobj = 0.347334E-01
Search  10 initial coordinates: -4803.35     -33.0136      49474.3      25369.2    
Final normalized coordinates: -4554.13      5.36583      13100.2      15312.9    
--------------------------------------------------------------------------------
  1  0.00000     pseudo_experiment  0.00000    
  2 0.560823E-03 tronin_1210_11    0.560823E-03
  3 0.148419E-02 tronin            0.204501E-02
  4 0.409501E-03 tronin            0.245451E-02
  5 0.678311E-04 tronin            0.252234E-02
  6 0.554883E-03 tronin            0.307722E-02
  7 0.230540E-02 tronin            0.538262E-02
  8 0.428812E-02 tronin            0.967075E-02
  9 0.454187E-03 tronin            0.101249E-01
 10 0.109111E-02 tronin            0.112160E-01
 11 0.794186E-06 tronin            0.112168E-01
 12 0.319347E-02 tronin            0.144103E-01
 13 0.272103E-02 tronin            0.171313E-01
 14 0.323924E-04 Tronin            0.171637E-01
 15 0.257534E-02 tronin_1400-321   0.197391E-01
 16 0.601004E-04 tronin_1400-211   0.197992E-01
 17 0.911794E-02 tronin_1550_21    0.289171E-01
 18 0.311838E-02 tronin_1550_31    0.320355E-01
 19 0.269791E-02 tronin_1550_11    0.347334E-01
