 tol/frac/simplx  1.000000000000000E-007  0.400000000000000     
  1.000000000000000E-006
--------------------------------------------------------------------------------
ntry =   3, igood =   1, icount =   35, obj = 0.539223    , ibest =   3, bestobj = 0.539223    
Initial coordinates:  4630.56      33.8288     -16464.5      41532.7    
Final coordinates:  7370.19     -2.81828      17537.1      37572.8    
--------------------------------------------------------------------------------
ntry =   4, igood =   2, icount =   30, obj = 0.218471    , ibest =   4, bestobj = 0.218471    
Initial coordinates:  2958.64      33.2693     -15495.7      37118.4    
Final coordinates:  15407.7     -8.68505      19725.3      16598.7    
--------------------------------------------------------------------------------
ntry =   5, igood =   3, icount =   47, obj = 0.330825    , ibest =   4, bestobj = 0.218471    
Initial coordinates: -4100.82      38.8284      20097.9      23455.3    
Final coordinates:  17811.6     -10.4084      21173.6      21466.3    
--------------------------------------------------------------------------------
ntry =   6, igood =   4, icount =   23, obj = 0.144058    , ibest =   6, bestobj = 0.144058    
Initial coordinates: -1998.24     -45.0282      40818.9     -40234.1    
Final coordinates:  2866.95     0.470108      13824.9      15326.1    
--------------------------------------------------------------------------------
ntry =   9, igood =   5, icount =   33, obj = 0.189512    , ibest =   6, bestobj = 0.144058    
Initial coordinates:  3522.92     -37.8922      49457.5      27825.0    
Final coordinates:  7644.83     -3.07479      16998.5      18467.9    
--------------------------------------------------------------------------------
ntry =  10, igood =   6, icount =   36, obj = 0.139709    , ibest =  10, bestobj = 0.139709    
Initial coordinates: -4803.35     -33.0136      49474.3      25369.2    
Final coordinates:  1302.29      1.61455      13141.5      15702.1    
--------------------------------------------------------------------------------
ntry =  11, igood =   7, icount =   28, obj = 0.138541    , ibest =  11, bestobj = 0.138541    
Initial coordinates: -2820.26      15.9293      3901.84     -1993.66    
Final coordinates:  953.771      1.86680      12965.5      15429.6    
--------------------------------------------------------------------------------
ntry =  12, igood =   8, icount =   35, obj = 0.256764    , ibest =  11, bestobj = 0.138541    
Initial coordinates:  3392.26     -47.4580      48938.3      8577.07    
Final coordinates:  17526.5     -10.2246      20805.7      17814.4    
--------------------------------------------------------------------------------
ntry =  13, igood =   9, icount =   40, obj = 0.175857    , ibest =  11, bestobj = 0.138541    
Initial coordinates:  2670.68     -5.51831      20950.5      29452.6    
Final coordinates:  10341.6     -4.99108      17279.1      15396.6    
--------------------------------------------------------------------------------
ntry =  14, igood =  10, icount =   25, obj = 0.147635    , ibest =  11, bestobj = 0.138541    
Initial coordinates: -612.986     -29.1247      23111.2      16573.1    
Final coordinates:  3862.34     -.262060      14411.3      15867.3    
--------------------------------------------------------------------------------
ntry =  16, igood =  11, icount =   28, obj = 0.145008    , ibest =  11, bestobj = 0.138541    
Initial coordinates:  2522.96      4.97946      13672.4      13101.0    
Final coordinates:  3176.25     0.244660      13996.5      15560.3    
--------------------------------------------------------------------------------
ntry =  17, igood =  12, icount =   35, obj = 0.110250    , ibest =  17, bestobj = 0.110250    
Initial coordinates: -52.1589     -2.93049     -37748.5      3489.67    
Final coordinates: -18364.7      15.9718      3934.86      14457.4    
--------------------------------------------------------------------------------
ntry =  18, igood =  13, icount =   28, obj = 0.111564    , ibest =  17, bestobj = 0.110250    
Initial coordinates: -3058.43      46.7905      8923.02     -48237.7    
Final coordinates: -16640.9      14.7134      4762.72      14730.9    
--------------------------------------------------------------------------------
ntry =  19, igood =  14, icount = 1006, obj = 0.244865    , ibest =  17, bestobj = 0.110250    
Initial coordinates: -1856.57      5.33030      17628.3     -48311.7    
Final coordinates: -142588.      111.179     -86241.7      1854.95    
--------------------------------------------------------------------------------
ntry =  20, igood =  15, icount =   41, obj = 0.131240    , ibest =  17, bestobj = 0.110250    
Initial coordinates: -2343.44     -3.91200      33745.0     -27104.7    
Final coordinates: -2091.20      4.09191      11527.5      15268.3    
--------------------------------------------------------------------------------
ntry =  22, igood =  16, icount =   33, obj = 0.217733    , ibest =  17, bestobj = 0.110250    
Initial coordinates: -1682.15      39.1928      20281.5      24603.3    
Final coordinates:  15664.3     -8.87723      19740.4      15697.8    
--------------------------------------------------------------------------------
ntry =  23, igood =  17, icount =   27, obj = 0.522726    , ibest =  17, bestobj = 0.110250    
Initial coordinates: -2409.28      17.1300      15497.4      43544.5    
Final coordinates:  3642.82     -.991733E-01  15785.2      38190.2    
--------------------------------------------------------------------------------
